---
driver=<class 'textual.drivers.linux_driver.LinuxDriver'>
Mount() >>> CalculatorApp(title='Calculator Test')
Mount() >>> DockView(name='DockView#1')
Mount() >>> Calculator(name='Calculator#1')
Mount() >>> Calculator(name='Calculator#1')
set_focus Button(name='9')
MouseDown(x=19, y=4, screen_x=138, screen_y=25, button=1) >>> Button(name='9')
MouseUp(x=19, y=4, screen_x=138, screen_y=25, button=1) >>> Button(name='9')
Click(x=19, y=4, screen_x=138, screen_y=25, button=1) >>> Button(name='9')
ButtonPressed(Button(name='9')) >>> Calculator(name='Calculator#1')
set_focus Button(name='6')
MouseDown(x=3, y=4, screen_x=122, screen_y=35, button=1) >>> Button(name='6')
MouseUp(x=3, y=4, screen_x=122, screen_y=35, button=1) >>> Button(name='6')
Click(x=3, y=4, screen_x=122, screen_y=35, button=1) >>> Button(name='6')
ButtonPressed(Button(name='6')) >>> Calculator(name='Calculator#1')
set_focus Button(name='5')
MouseDown(x=20, y=7, screen_x=107, screen_y=38, button=1) >>> Button(name='5')
MouseUp(x=20, y=7, screen_x=107, screen_y=38, button=1) >>> Button(name='5')
Click(x=20, y=7, screen_x=107, screen_y=38, button=1) >>> Button(name='5')
ButtonPressed(Button(name='5')) >>> Calculator(name='Calculator#1')
set_focus Button(name='5')
MouseDown(x=20, y=7, screen_x=107, screen_y=38, button=1) >>> Button(name='5')
MouseUp(x=20, y=7, screen_x=107, screen_y=38, button=1) >>> Button(name='5')
Click(x=20, y=7, screen_x=107, screen_y=38, button=1) >>> Button(name='5')
ButtonPressed(Button(name='5')) >>> Calculator(name='Calculator#1')
set_focus Button(name='=')
MouseDown(x=12, y=2, screen_x=163, screen_y=53, button=1) >>> Button(name='=')
MouseUp(x=12, y=2, screen_x=163, screen_y=53, button=1) >>> Button(name='=')
Click(x=12, y=2, screen_x=163, screen_y=53, button=1) >>> Button(name='=')
ButtonPressed(Button(name='=')) >>> Calculator(name='Calculator#1')
0 + 9655
= 9655
set_focus Button(name='-')
MouseDown(x=12, y=0, screen_x=163, screen_y=31, button=1) >>> Button(name='-')
MouseUp(x=12, y=0, screen_x=163, screen_y=31, button=1) >>> Button(name='-')
Click(x=12, y=0, screen_x=163, screen_y=31, button=1) >>> Button(name='-')
ButtonPressed(Button(name='-')) >>> Calculator(name='Calculator#1')
9655 + 0
= 9655
set_focus Button(name='X')
MouseDown(x=15, y=5, screen_x=166, screen_y=26, button=1) >>> Button(name='X')
MouseUp(x=15, y=5, screen_x=166, screen_y=26, button=1) >>> Button(name='X')
Click(x=15, y=5, screen_x=166, screen_y=26, button=1) >>> Button(name='X')
ButtonPressed(Button(name='X')) >>> Calculator(name='Calculator#1')
9655 - 0
= 9655
set_focus Button(name='3')
MouseDown(x=6, y=2, screen_x=125, screen_y=43, button=1) >>> Button(name='3')
MouseUp(x=6, y=2, screen_x=125, screen_y=43, button=1) >>> Button(name='3')
Click(x=6, y=2, screen_x=125, screen_y=43, button=1) >>> Button(name='3')
ButtonPressed(Button(name='3')) >>> Calculator(name='Calculator#1')
set_focus Button(name='.')
MouseDown(x=7, y=0, screen_x=126, screen_y=51, button=1) >>> Button(name='.')
MouseUp(x=7, y=0, screen_x=126, screen_y=51, button=1) >>> Button(name='.')
Click(x=7, y=0, screen_x=126, screen_y=51, button=1) >>> Button(name='.')
ButtonPressed(Button(name='.')) >>> Calculator(name='Calculator#1')
set_focus Button(name='0')
MouseDown(x=49, y=4, screen_x=104, screen_y=55, button=1) >>> Button(name='0')
MouseUp(x=49, y=4, screen_x=104, screen_y=55, button=1) >>> Button(name='0')
Click(x=49, y=4, screen_x=104, screen_y=55, button=1) >>> Button(name='0')
ButtonPressed(Button(name='0')) >>> Calculator(name='Calculator#1')
set_focus Button(name='=')
MouseDown(x=3, y=3, screen_x=154, screen_y=54, button=1) >>> Button(name='=')
MouseUp(x=3, y=3, screen_x=154, screen_y=54, button=1) >>> Button(name='=')
Click(x=3, y=3, screen_x=154, screen_y=54, button=1) >>> Button(name='=')
ButtonPressed(Button(name='=')) >>> Calculator(name='Calculator#1')
9655 X 3.0
= 28965.0
Key(key='escape') >>> CalculatorApp(title='Calculator Test')
Key(key='ctrl+c') >>> CalculatorApp(title='Calculator Test')
ACTION CalculatorApp(title='Calculator Test') quit
CLOSED CalculatorApp(title='Calculator Test')
PROCESS END
