---
driver=<class 'textual.drivers.linux_driver.LinuxDriver'>
Mount() >>> HoverApp(title='Textual Application')
Mount() >>> DockView(name='DockView#1')
Enter() >>> Hover(name='Hover#5')
Leave() >>> Hover(name='Hover#5')
Enter() >>> Hover(name='Hover#6')
Leave() >>> Hover(name='Hover#6')
Enter() >>> Hover(name='Hover#7')
Leave() >>> Hover(name='Hover#7')
Enter() >>> Hover(name='Hover#6')
Leave() >>> Hover(name='Hover#6')
Enter() >>> Hover(name='Hover#7')
set_focus Hover(name='Hover#7')
MouseDown(x=132, y=0, screen_y=37, button=1) >>> Hover(name='Hover#7')
MouseUp(x=132, y=0, screen_y=37, button=1) >>> Hover(name='Hover#7')
Click(x=132, y=0, screen_y=37, button=1) >>> Hover(name='Hover#7')
Leave() >>> Hover(name='Hover#7')
Enter() >>> Hover(name='Hover#6')
Leave() >>> Hover(name='Hover#6')
Enter() >>> Hover(name='Hover#5')
Leave() >>> Hover(name='Hover#5')
Enter() >>> Hover(name='Hover#6')
Leave() >>> Hover(name='Hover#6')
Enter() >>> Hover(name='Hover#5')
Leave() >>> Hover(name='Hover#5')
Enter() >>> Hover(name='Hover#4')
Leave() >>> Hover(name='Hover#4')
Enter() >>> Hover(name='Hover#3')
Leave() >>> Hover(name='Hover#3')
Enter() >>> Hover(name='Hover#2')
Leave() >>> Hover(name='Hover#2')
Enter() >>> Hover(name='Hover#1')
Leave() >>> Hover(name='Hover#1')
Enter() >>> Hover(name='Hover#2')
Leave() >>> Hover(name='Hover#2')
Enter() >>> Hover(name='Hover#3')
Leave() >>> Hover(name='Hover#3')
Enter() >>> Hover(name='Hover#4')
Leave() >>> Hover(name='Hover#4')
Enter() >>> Hover(name='Hover#5')
Leave() >>> Hover(name='Hover#5')
Enter() >>> Hover(name='Hover#6')
Leave() >>> Hover(name='Hover#6')
Enter() >>> Hover(name='Hover#7')
Leave() >>> Hover(name='Hover#7')
Enter() >>> Hover(name='Hover#8')
Leave() >>> Hover(name='Hover#8')
Enter() >>> Hover(name='Hover#9')
Leave() >>> Hover(name='Hover#9')
Enter() >>> Hover(name='Hover#10')
Leave() >>> Hover(name='Hover#10')
Enter() >>> Hover(name='Hover#9')
set_focus Hover(name='Hover#9')
MouseDown(x=57, y=0, screen_y=50, button=1) >>> Hover(name='Hover#9')
MouseUp(x=57, y=0, screen_y=50, button=1) >>> Hover(name='Hover#9')
Click(x=57, y=0, screen_y=50, button=1) >>> Hover(name='Hover#9')
set_focus Hover(name='Hover#9')
MouseDown(x=57, y=0, screen_y=50, button=1) >>> Hover(name='Hover#9')
MouseUp(x=57, y=0, screen_y=50, button=1) >>> Hover(name='Hover#9')
Click(x=57, y=0, screen_y=50, button=1) >>> Hover(name='Hover#9')
Leave() >>> Hover(name='Hover#9')
Enter() >>> Hover(name='Hover#8')
set_focus Hover(name='Hover#8')
MouseDown(x=57, y=0, screen_y=44, button=1) >>> Hover(name='Hover#8')
MouseUp(x=57, y=0, screen_y=44, button=1) >>> Hover(name='Hover#8')
Click(x=57, y=0, screen_y=44, button=1) >>> Hover(name='Hover#8')
set_focus Hover(name='Hover#8')
MouseDown(x=57, y=0, screen_y=44, button=1) >>> Hover(name='Hover#8')
MouseUp(x=57, y=0, screen_y=44, button=1) >>> Hover(name='Hover#8')
Click(x=57, y=0, screen_y=44, button=1) >>> Hover(name='Hover#8')
Leave() >>> Hover(name='Hover#8')
Enter() >>> Hover(name='Hover#7')
Key(key=':') >>> HoverApp(title='Textual Application')
Key(key='q') >>> HoverApp(title='Textual Application')
Key(key='ctrl+c') >>> HoverApp(title='Textual Application')
ACTION HoverApp(title='Textual Application') quit
CLOSED HoverApp(title='Textual Application')
PROCESS END
